Array
(
    [cart] => Array
        (
            [1] => Array
                (
                    [id] => 1
                    [name] => iPhone 16 Pro Max
                    [price] => 1299.99
                    [image] => images/iphone16promax.jpg
                    [quantity] => 2
                )

            [2] => 2
            [3] => 1
            [7] => 1
            [8] => Array
                (
                    [id] => 6
                    [name] => iPhone 13
                    [price] => 699.99
                    [quantity] => 1
                )

            [9] => Array
                (
                    [id] => 7
                    [name] => iPhone 12
                    [price] => 599.99
                    [quantity] => 1
                )

            [10] => Array
                (
                    [id] => 14
                    [name] => Apple Watch Ultra 2
                    [price] => 799.99
                    [quantity] => 1
                )

            [11] => Array
                (
                    [id] => 9
                    [name] => iPad Pro 11-inch
                    [price] => 999.99
                    [quantity] => 1
                )

            [12] => Array
                (
                    [id] => 5
                    [name] => iPhone 14
                    [price] => 799.99
                    [quantity] => 1
                )

            [20] => Array
                (
                    [id] => 20
                    [name] => MacBook Air M3 11-inch 128GB
                    [price] => 23490000.00
                    [image_url] => /img_sp/ipad-air-m3-11-inch.jpg
                    [quantity] => 1
                )

            [13] => Array
                (
                    [id] => 13
                    [name] => Xiaomi Redmi Note 13 Pro+ 5G
                    [price] => 13990000.00
                    [image_url] => /img_sp/xiaomi-redmi-note-13-pro-plus-white.jpg
                    [quantity] => 1
                )

            [6] => Array
                (
                    [id] => 6
                    [name] => Samsung Galaxy S24 Ultra 256GB
                    [price] => 27990000.00
                    [image_url] => /img_sp/samsung-galaxy-s24-ultra.jpg
                    [quantity] => 1
                )

        )

)
Array
(
    [cart] => Array
        (
            [1] => Array
                (
                    [id] => 1
                    [name] => iPhone 16 Pro Max
                    [price] => 1299.99
                    [image] => images/iphone16promax.jpg
                    [quantity] => 2
                )

            [2] => 2
            [3] => 1
            [7] => 1
            [8] => Array
                (
                    [id] => 6
                    [name] => iPhone 13
                    [price] => 699.99
                    [quantity] => 1
                )

            [9] => Array
                (
                    [id] => 7
                    [name] => iPhone 12
                    [price] => 599.99
                    [quantity] => 1
                )

            [10] => Array
                (
                    [id] => 14
                    [name] => Apple Watch Ultra 2
                    [price] => 799.99
                    [quantity] => 1
                )

            [11] => Array
                (
                    [id] => 9
                    [name] => iPad Pro 11-inch
                    [price] => 999.99
                    [quantity] => 1
                )

            [12] => Array
                (
                    [id] => 5
                    [name] => iPhone 14
                    [price] => 799.99
                    [quantity] => 1
                )

            [20] => Array
                (
                    [id] => 20
                    [name] => MacBook Air M3 11-inch 128GB
                    [price] => 23490000.00
                    [image_url] => /img_sp/ipad-air-m3-11-inch.jpg
                    [quantity] => 1
                )

            [13] => Array
                (
                    [id] => 13
                    [name] => Xiaomi Redmi Note 13 Pro+ 5G
                    [price] => 13990000.00
                    [image_url] => /img_sp/xiaomi-redmi-note-13-pro-plus-white.jpg
                    [quantity] => 1
                )

            [6] => Array
                (
                    [id] => 6
                    [name] => Samsung Galaxy S24 Ultra 256GB
                    [price] => 27990000.00
                    [image_url] => /img_sp/samsung-galaxy-s24-ultra.jpg
                    [quantity] => 1
                )

        )

)
Array
(
    [cart] => Array
        (
            [1] => Array
                (
                    [id] => 1
                    [name] => iPhone 16 Pro Max
                    [price] => 1299.99
                    [image] => images/iphone16promax.jpg
                    [quantity] => 2
                )

            [2] => 3
            [3] => 1
            [7] => 1
            [8] => Array
                (
                    [id] => 6
                    [name] => iPhone 13
                    [price] => 699.99
                    [quantity] => 1
                )

            [9] => Array
                (
                    [id] => 7
                    [name] => iPhone 12
                    [price] => 599.99
                    [quantity] => 1
                )

            [10] => Array
                (
                    [id] => 14
                    [name] => Apple Watch Ultra 2
                    [price] => 799.99
                    [quantity] => 1
                )

            [11] => Array
                (
                    [id] => 9
                    [name] => iPad Pro 11-inch
                    [price] => 999.99
                    [quantity] => 1
                )

            [12] => Array
                (
                    [id] => 5
                    [name] => iPhone 14
                    [price] => 799.99
                    [quantity] => 1
                )

            [20] => Array
                (
                    [id] => 20
                    [name] => MacBook Air M3 11-inch 128GB
                    [price] => 23490000.00
                    [image_url] => /img_sp/ipad-air-m3-11-inch.jpg
                    [quantity] => 1
                )

            [13] => Array
                (
                    [id] => 13
                    [name] => Xiaomi Redmi Note 13 Pro+ 5G
                    [price] => 13990000.00
                    [image_url] => /img_sp/xiaomi-redmi-note-13-pro-plus-white.jpg
                    [quantity] => 1
                )

            [6] => Array
                (
                    [id] => 6
                    [name] => Samsung Galaxy S24 Ultra 256GB
                    [price] => 27990000.00
                    [image_url] => /img_sp/samsung-galaxy-s24-ultra.jpg
                    [quantity] => 1
                )

        )

)
